The system is: Windows - 10.0.19041 - AMD64
Compiling the C compiler identification source file "CMakeCCompilerId.c" succeeded.
Compiler: d:/vsstudio/VC/Tools/MSVC/14.24.28314/bin/HostX64/x64/cl.exe 
Build flags: 
Id flags:  

The output was:
0
用于 x64 的 Microsoft (R) C/C++ 优化编译器 19.24.28316 版
版权所有(C) Microsoft Corporation。保留所有权利。

CMakeCCompilerId.c
Microsoft (R) Incremental Linker Version 14.24.28316.0
Copyright (C) Microsoft Corporation.  All rights reserved.

/out:CMakeCCompilerId.exe 
CMakeCCompilerId.obj 


Compilation of the C compiler identification source "CMakeCCompilerId.c" produced "CMakeCCompilerId.exe"

Compilation of the C compiler identification source "CMakeCCompilerId.c" produced "CMakeCCompilerId.obj"

The C compiler identification is MSVC, found in "E:/Program/Vulkan/MyVulkan/VulkanBase/dependency/glm/out/build/x64-Debug/CMakeFiles/3.15.19101501-MSVC_2/CompilerIdC/CMakeCCompilerId.exe"

Compiling the CXX compiler identification source file "CMakeCXXCompilerId.cpp" succeeded.
Compiler: d:/vsstudio/VC/Tools/MSVC/14.24.28314/bin/HostX64/x64/cl.exe 
Build flags: 
Id flags:  

The output was:
0
用于 x64 的 Microsoft (R) C/C++ 优化编译器 19.24.28316 版
版权所有(C) Microsoft Corporation。保留所有权利。

CMakeCXXCompilerId.cpp
Microsoft (R) Incremental Linker Version 14.24.28316.0
Copyright (C) Microsoft Corporation.  All rights reserved.

/out:CMakeCXXCompilerId.exe 
CMakeCXXCompilerId.obj 


Compilation of the CXX compiler identification source "CMakeCXXCompilerId.cpp" produced "CMakeCXXCompilerId.exe"

Compilation of the CXX compiler identification source "CMakeCXXCompilerId.cpp" produced "CMakeCXXCompilerId.obj"

The CXX compiler identification is MSVC, found in "E:/Program/Vulkan/MyVulkan/VulkanBase/dependency/glm/out/build/x64-Debug/CMakeFiles/3.15.19101501-MSVC_2/CompilerIdCXX/CMakeCXXCompilerId.exe"

Determining if the C compiler works passed with the following output:
Change Dir: E:/Program/Vulkan/MyVulkan/VulkanBase/dependency/glm/out/build/x64-Debug/CMakeFiles/CMakeTmp

Run Build Command(s):D:\VSSTUDIO\COMMON7\IDE\COMMONEXTENSIONS\MICROSOFT\CMAKE\Ninja\ninja.exe cmTC_5a5cc && [1/2] Building C object CMakeFiles\cmTC_5a5cc.dir\testCCompiler.c.obj
[2/2] Linking C executable cmTC_5a5cc.exe



Detecting C compiler ABI info compiled with the following output:
Change Dir: E:/Program/Vulkan/MyVulkan/VulkanBase/dependency/glm/out/build/x64-Debug/CMakeFiles/CMakeTmp

Run Build Command(s):D:\VSSTUDIO\COMMON7\IDE\COMMONEXTENSIONS\MICROSOFT\CMAKE\Ninja\ninja.exe cmTC_00dea && [1/2] Building C object CMakeFiles\cmTC_00dea.dir\CMakeCCompilerABI.c.obj
[2/2] Linking C executable cmTC_00dea.exe



Determining if the CXX compiler works passed with the following output:
Change Dir: E:/Program/Vulkan/MyVulkan/VulkanBase/dependency/glm/out/build/x64-Debug/CMakeFiles/CMakeTmp

Run Build Command(s):D:\VSSTUDIO\COMMON7\IDE\COMMONEXTENSIONS\MICROSOFT\CMAKE\Ninja\ninja.exe cmTC_a5108 && [1/2] Building CXX object CMakeFiles\cmTC_a5108.dir\testCXXCompiler.cxx.obj
[2/2] Linking CXX executable cmTC_a5108.exe



Detecting CXX compiler ABI info compiled with the following output:
Change Dir: E:/Program/Vulkan/MyVulkan/VulkanBase/dependency/glm/out/build/x64-Debug/CMakeFiles/CMakeTmp

Run Build Command(s):D:\VSSTUDIO\COMMON7\IDE\COMMONEXTENSIONS\MICROSOFT\CMAKE\Ninja\ninja.exe cmTC_f1578 && [1/2] Building CXX object CMakeFiles\cmTC_f1578.dir\CMakeCXXCompilerABI.cpp.obj
[2/2] Linking CXX executable cmTC_f1578.exe



